<?xml version="1.0" encoding="UTF-8"?>
<!-- Generated by org.testng.reporters.JUnitReportReporter -->
<testsuite skipped="0" hostname="chenshinandeMacBook-Pro.local" name="test.ChromeTest" tests="101" failures="0" timestamp="18 四月 2019 09:44:09 GMT" time="18.909" errors="0">
  <testcase name="remote" time="0.000" classname="test.ChromeTest"/>
  <testcase name="remote" time="0.001" classname="test.ChromeTest"/>
  <testcase name="remote" time="0.001" classname="test.ChromeTest"/>
  <testcase name="remote" time="0.000" classname="test.ChromeTest"/>
  <testcase name="remote" time="0.000" classname="test.ChromeTest"/>
  <testcase name="remote" time="0.000" classname="test.ChromeTest"/>
  <testcase name="remote" time="0.000" classname="test.ChromeTest"/>
  <testcase name="remote" time="0.000" classname="test.ChromeTest"/>
  <testcase name="remote" time="0.000" classname="test.ChromeTest"/>
  <testcase name="remote" time="0.000" classname="test.ChromeTest"/>
  <testcase name="remote" time="0.000" classname="test.ChromeTest"/>
  <testcase name="remote" time="0.000" classname="test.ChromeTest"/>
  <testcase name="remote" time="0.000" classname="test.ChromeTest"/>
  <testcase name="remote" time="0.000" classname="test.ChromeTest"/>
  <testcase name="remote" time="0.000" classname="test.ChromeTest"/>
  <testcase name="remote" time="0.000" classname="test.ChromeTest"/>
  <testcase name="remote" time="0.001" classname="test.ChromeTest"/>
  <testcase name="remote" time="0.000" classname="test.ChromeTest"/>
  <testcase name="remote" time="0.000" classname="test.ChromeTest"/>
  <testcase name="remote" time="0.000" classname="test.ChromeTest"/>
  <testcase name="remote" time="0.000" classname="test.ChromeTest"/>
  <testcase name="remote" time="0.000" classname="test.ChromeTest"/>
  <testcase name="remote" time="0.000" classname="test.ChromeTest"/>
  <testcase name="test" time="18.903" classname="test.ChromeTest"/>
  <testcase name="remote" time="0.002" classname="test.ChromeTest"/>
  <testcase name="remote" time="0.000" classname="test.ChromeTest"/>
  <testcase name="remote" time="0.000" classname="test.ChromeTest"/>
  <testcase name="remote" time="0.000" classname="test.ChromeTest"/>
  <testcase name="remote" time="0.000" classname="test.ChromeTest"/>
  <testcase name="remote" time="0.000" classname="test.ChromeTest"/>
  <testcase name="remote" time="0.000" classname="test.ChromeTest"/>
  <testcase name="remote" time="0.000" classname="test.ChromeTest"/>
  <testcase name="remote" time="0.000" classname="test.ChromeTest"/>
  <testcase name="remote" time="0.000" classname="test.ChromeTest"/>
  <testcase name="remote" time="0.000" classname="test.ChromeTest"/>
  <testcase name="remote" time="0.000" classname="test.ChromeTest"/>
  <testcase name="remote" time="0.000" classname="test.ChromeTest"/>
  <testcase name="remote" time="0.000" classname="test.ChromeTest"/>
  <testcase name="remote" time="0.000" classname="test.ChromeTest"/>
  <testcase name="remote" time="0.000" classname="test.ChromeTest"/>
  <testcase name="remote" time="0.000" classname="test.ChromeTest"/>
  <testcase name="remote" time="0.000" classname="test.ChromeTest"/>
  <testcase name="remote" time="0.000" classname="test.ChromeTest"/>
  <testcase name="remote" time="0.000" classname="test.ChromeTest"/>
  <testcase name="remote" time="0.000" classname="test.ChromeTest"/>
  <testcase name="remote" time="0.000" classname="test.ChromeTest"/>
  <testcase name="remote" time="0.000" classname="test.ChromeTest"/>
  <testcase name="remote" time="0.000" classname="test.ChromeTest"/>
  <testcase name="remote" time="0.000" classname="test.ChromeTest"/>
  <testcase name="remote" time="0.000" classname="test.ChromeTest"/>
  <testcase name="remote" time="0.000" classname="test.ChromeTest"/>
  <testcase name="remote" time="0.000" classname="test.ChromeTest"/>
  <testcase name="remote" time="0.000" classname="test.ChromeTest"/>
  <testcase name="remote" time="0.000" classname="test.ChromeTest"/>
  <testcase name="remote" time="0.000" classname="test.ChromeTest"/>
  <testcase name="remote" time="0.000" classname="test.ChromeTest"/>
  <testcase name="remote" time="0.000" classname="test.ChromeTest"/>
  <testcase name="remote" time="0.000" classname="test.ChromeTest"/>
  <testcase name="remote" time="0.000" classname="test.ChromeTest"/>
  <testcase name="remote" time="0.000" classname="test.ChromeTest"/>
  <testcase name="remote" time="0.000" classname="test.ChromeTest"/>
  <testcase name="remote" time="0.000" classname="test.ChromeTest"/>
  <testcase name="remote" time="0.000" classname="test.ChromeTest"/>
  <testcase name="remote" time="0.000" classname="test.ChromeTest"/>
  <testcase name="remote" time="0.000" classname="test.ChromeTest"/>
  <testcase name="remote" time="0.000" classname="test.ChromeTest"/>
  <testcase name="remote" time="0.000" classname="test.ChromeTest"/>
  <testcase name="remote" time="0.000" classname="test.ChromeTest"/>
  <testcase name="remote" time="0.000" classname="test.ChromeTest"/>
  <testcase name="remote" time="0.000" classname="test.ChromeTest"/>
  <testcase name="remote" time="0.000" classname="test.ChromeTest"/>
  <testcase name="remote" time="0.001" classname="test.ChromeTest"/>
  <testcase name="remote" time="0.000" classname="test.ChromeTest"/>
  <testcase name="remote" time="0.000" classname="test.ChromeTest"/>
  <testcase name="remote" time="0.000" classname="test.ChromeTest"/>
  <testcase name="remote" time="0.000" classname="test.ChromeTest"/>
  <testcase name="remote" time="0.000" classname="test.ChromeTest"/>
  <testcase name="remote" time="0.000" classname="test.ChromeTest"/>
  <testcase name="remote" time="0.000" classname="test.ChromeTest"/>
  <testcase name="remote" time="0.000" classname="test.ChromeTest"/>
  <testcase name="remote" time="0.000" classname="test.ChromeTest"/>
  <testcase name="remote" time="0.000" classname="test.ChromeTest"/>
  <testcase name="remote" time="0.000" classname="test.ChromeTest"/>
  <testcase name="remote" time="0.000" classname="test.ChromeTest"/>
  <testcase name="remote" time="0.000" classname="test.ChromeTest"/>
  <testcase name="remote" time="0.000" classname="test.ChromeTest"/>
  <testcase name="remote" time="0.000" classname="test.ChromeTest"/>
  <testcase name="remote" time="0.000" classname="test.ChromeTest"/>
  <testcase name="remote" time="0.000" classname="test.ChromeTest"/>
  <testcase name="remote" time="0.000" classname="test.ChromeTest"/>
  <testcase name="remote" time="0.000" classname="test.ChromeTest"/>
  <testcase name="remote" time="0.000" classname="test.ChromeTest"/>
  <testcase name="remote" time="0.000" classname="test.ChromeTest"/>
  <testcase name="remote" time="0.000" classname="test.ChromeTest"/>
  <testcase name="remote" time="0.000" classname="test.ChromeTest"/>
  <testcase name="remote" time="0.000" classname="test.ChromeTest"/>
  <testcase name="remote" time="0.000" classname="test.ChromeTest"/>
  <testcase name="remote" time="0.000" classname="test.ChromeTest"/>
  <testcase name="remote" time="0.000" classname="test.ChromeTest"/>
  <testcase name="remote" time="0.000" classname="test.ChromeTest"/>
  <testcase name="remote" time="0.000" classname="test.ChromeTest"/>
</testsuite> <!-- test.ChromeTest -->
